2024-08-05 12:07:59.208 +05:00 [INF] User profile is available. Using 'C:\Users\z_zayniddinov\AppData\Local\ASP.NET\DataProtection-Keys' as key repository and Windows DPAPI to encrypt keys at rest.
2024-08-05 12:07:59.264 +05:00 [INF] Now listening on: http://[::]:3000
2024-08-05 12:07:59.266 +05:00 [INF] Application started. Press Ctrl+C to shut down.
2024-08-05 12:07:59.266 +05:00 [INF] Hosting environment: Development
2024-08-05 12:07:59.267 +05:00 [INF] Content root path: C:\Users\z_zayniddinov\RiderProjects\MyWordsBack\GatewayApi
2024-08-05 12:07:59.414 +05:00 [INF] Request starting HTTP/1.1 GET http://localhost:3000/ - null null
2024-08-05 12:07:59.440 +05:00 [ERR] An unhandled exception has occurred while executing the request.
System.ArgumentNullException: Value cannot be null. (Parameter 's')
   at System.ArgumentNullException.Throw(String paramName)
   at System.Text.Encoding.GetBytes(String s)
   at WebCore.Extensions.ConfigureApplication.<>c__DisplayClass0_0.<ConfigureDefault>b__6(JwtBearerOptions options) in C:\Users\z_zayniddinov\RiderProjects\MyWordsBack\WebCore\Extensions\ConfigureApplication.cs:line 133
   at Microsoft.Extensions.Options.OptionsFactory`1.Create(String name)
   at System.Lazy`1.ViaFactory(LazyThreadSafetyMode mode)
   at System.Lazy`1.ExecutionAndPublication(LazyHelper executionAndPublication, Boolean useDefaultConstructor)
   at System.Lazy`1.CreateValue()
   at Microsoft.Extensions.Options.OptionsCache`1.GetOrAdd[TArg](String name, Func`3 createOptions, TArg factoryArgument)
   at Microsoft.Extensions.Options.OptionsMonitor`1.Get(String name)
   at Microsoft.AspNetCore.Authentication.AuthenticationHandler`1.InitializeAsync(AuthenticationScheme scheme, HttpContext context)
   at Microsoft.AspNetCore.Authentication.AuthenticationHandlerProvider.GetHandlerAsync(HttpContext context, String authenticationScheme)
   at Microsoft.AspNetCore.Authentication.AuthenticationService.AuthenticateAsync(HttpContext context, String scheme)
   at Microsoft.AspNetCore.Authentication.AuthenticationMiddleware.Invoke(HttpContext context)
   at Microsoft.AspNetCore.MiddlewareAnalysis.AnalysisMiddleware.Invoke(HttpContext httpContext)
   at Microsoft.AspNetCore.Diagnostics.DeveloperExceptionPageMiddlewareImpl.Invoke(HttpContext context)
2024-08-05 12:07:59.461 +05:00 [INF] Request finished HTTP/1.1 GET http://localhost:3000/ - 500 null text/html; charset=utf-8 47.5201ms
2024-08-05 12:07:59.541 +05:00 [INF] Request starting HTTP/1.1 GET http://localhost:3000/favicon.ico - null null
2024-08-05 12:07:59.543 +05:00 [ERR] An unhandled exception has occurred while executing the request.
System.ArgumentNullException: Value cannot be null. (Parameter 's')
   at System.ArgumentNullException.Throw(String paramName)
   at System.Text.Encoding.GetBytes(String s)
   at WebCore.Extensions.ConfigureApplication.<>c__DisplayClass0_0.<ConfigureDefault>b__6(JwtBearerOptions options) in C:\Users\z_zayniddinov\RiderProjects\MyWordsBack\WebCore\Extensions\ConfigureApplication.cs:line 133
   at Microsoft.Extensions.Options.OptionsFactory`1.Create(String name)
   at System.Lazy`1.ViaFactory(LazyThreadSafetyMode mode)
--- End of stack trace from previous location ---
   at System.Lazy`1.CreateValue()
   at Microsoft.Extensions.Options.OptionsCache`1.GetOrAdd[TArg](String name, Func`3 createOptions, TArg factoryArgument)
   at Microsoft.Extensions.Options.OptionsMonitor`1.Get(String name)
   at Microsoft.AspNetCore.Authentication.AuthenticationHandler`1.InitializeAsync(AuthenticationScheme scheme, HttpContext context)
   at Microsoft.AspNetCore.Authentication.AuthenticationHandlerProvider.GetHandlerAsync(HttpContext context, String authenticationScheme)
   at Microsoft.AspNetCore.Authentication.AuthenticationService.AuthenticateAsync(HttpContext context, String scheme)
   at Microsoft.AspNetCore.Authentication.AuthenticationMiddleware.Invoke(HttpContext context)
   at Microsoft.AspNetCore.MiddlewareAnalysis.AnalysisMiddleware.Invoke(HttpContext httpContext)
   at Microsoft.AspNetCore.Diagnostics.DeveloperExceptionPageMiddlewareImpl.Invoke(HttpContext context)
2024-08-05 12:07:59.548 +05:00 [INF] Request finished HTTP/1.1 GET http://localhost:3000/favicon.ico - 500 null text/plain; charset=utf-8 6.5032ms
2024-08-05 12:10:03.367 +05:00 [INF] Application is shutting down...
