2024-04-23 12:30:06.353 +05:00 [INF] User profile is available. Using '/home/ami/.aspnet/DataProtection-Keys' as key repository; keys will not be encrypted at rest.
2024-04-23 12:30:06.485 +05:00 [ERR] Hosting failed to start
System.Net.Sockets.SocketException (13): Permission denied
   at System.Net.Sockets.Socket.DoBind(EndPoint endPointSnapshot, SocketAddress socketAddress)
   at System.Net.Sockets.Socket.Bind(EndPoint localEP)
   at Microsoft.AspNetCore.Server.Kestrel.Transport.Sockets.SocketTransportOptions.CreateDefaultBoundListenSocket(EndPoint endpoint)
   at Microsoft.AspNetCore.Server.Kestrel.Transport.Sockets.SocketConnectionListener.Bind()
   at Microsoft.AspNetCore.Server.Kestrel.Transport.Sockets.SocketTransportFactory.BindAsync(EndPoint endpoint, CancellationToken cancellationToken)
   at Microsoft.AspNetCore.Server.Kestrel.Core.Internal.Infrastructure.TransportManager.BindAsync(EndPoint endPoint, ConnectionDelegate connectionDelegate, EndpointConfig endpointConfig, CancellationToken cancellationToken)
   at Microsoft.AspNetCore.Server.Kestrel.Core.KestrelServerImpl.<>c__DisplayClass28_0`1.<<StartAsync>g__OnBind|0>d.MoveNext()
--- End of stack trace from previous location ---
   at Microsoft.AspNetCore.Server.Kestrel.Core.Internal.AddressBinder.BindEndpointAsync(ListenOptions endpoint, AddressBindContext context, CancellationToken cancellationToken)
   at Microsoft.AspNetCore.Server.Kestrel.Core.ListenOptions.BindAsync(AddressBindContext context, CancellationToken cancellationToken)
   at Microsoft.AspNetCore.Server.Kestrel.Core.AnyIPListenOptions.BindAsync(AddressBindContext context, CancellationToken cancellationToken)
   at Microsoft.AspNetCore.Server.Kestrel.Core.Internal.AddressBinder.AddressesStrategy.BindAsync(AddressBindContext context, CancellationToken cancellationToken)
   at Microsoft.AspNetCore.Server.Kestrel.Core.Internal.AddressBinder.BindAsync(ListenOptions[] listenOptions, AddressBindContext context, Func`2 useHttps, CancellationToken cancellationToken)
   at Microsoft.AspNetCore.Server.Kestrel.Core.KestrelServerImpl.BindAsync(CancellationToken cancellationToken)
   at Microsoft.AspNetCore.Server.Kestrel.Core.KestrelServerImpl.StartAsync[TContext](IHttpApplication`1 application, CancellationToken cancellationToken)
   at Microsoft.AspNetCore.Hosting.GenericWebHostService.StartAsync(CancellationToken cancellationToken)
   at Microsoft.Extensions.Hosting.Internal.Host.<StartAsync>b__15_1(IHostedService service, CancellationToken token)
   at Microsoft.Extensions.Hosting.Internal.Host.ForeachService[T](IEnumerable`1 services, CancellationToken token, Boolean concurrent, Boolean abortOnFirstException, List`1 exceptions, Func`3 operation)
2024-04-23 12:30:35.703 +05:00 [INF] User profile is available. Using '/home/ami/.aspnet/DataProtection-Keys' as key repository; keys will not be encrypted at rest.
2024-04-23 12:30:35.830 +05:00 [INF] Now listening on: http://[::]:2000
2024-04-23 12:30:35.832 +05:00 [INF] Application started. Press Ctrl+C to shut down.
2024-04-23 12:30:35.833 +05:00 [INF] Hosting environment: Development
2024-04-23 12:30:35.833 +05:00 [INF] Content root path: /home/ami/RiderProjects/BaseProgram/GatewayApi
2024-04-23 12:30:45.042 +05:00 [INF] Request starting HTTP/1.1 GET http://localhost:2000/ - null null
2024-04-23 12:30:45.099 +05:00 [WRN] Failed to determine the https port for redirect.
2024-04-23 12:30:45.111 +05:00 [WRN] requestId: 0HN33CT4RSGPM:00000001, previousRequestId: no previous request id, message: DownstreamRouteFinderMiddleware setting pipeline errors. IDownstreamRouteFinder returned Error Code: UnableToFindDownstreamRouteError Message: Failed to match Route configuration for upstream path: /, verb: GET.
2024-04-23 12:30:45.112 +05:00 [WRN] requestId: 0HN33CT4RSGPM:00000001, previousRequestId: no previous request id, message: Error Code: UnableToFindDownstreamRouteError Message: Failed to match Route configuration for upstream path: /, verb: GET. errors found in ResponderMiddleware. Setting error response for request path:/, request method: GET
2024-04-23 12:30:45.123 +05:00 [INF] Request finished HTTP/1.1 GET http://localhost:2000/ - 404 0 null 94.2159ms
2024-04-23 12:30:55.632 +05:00 [INF] Application is shutting down...
2024-04-23 12:31:39.792 +05:00 [INF] User profile is available. Using '/home/ami/.aspnet/DataProtection-Keys' as key repository; keys will not be encrypted at rest.
2024-04-23 12:31:39.891 +05:00 [INF] Now listening on: http://[::]:2000
2024-04-23 12:31:39.892 +05:00 [INF] Application started. Press Ctrl+C to shut down.
2024-04-23 12:31:39.893 +05:00 [INF] Hosting environment: Development
2024-04-23 12:31:39.893 +05:00 [INF] Content root path: /home/ami/RiderProjects/BaseProgram/GatewayApi
2024-04-23 12:32:15.487 +05:00 [INF] Request starting HTTP/1.1 GET http://localhost:2000/ - null null
2024-04-23 12:32:15.513 +05:00 [WRN] Failed to determine the https port for redirect.
2024-04-23 12:32:15.519 +05:00 [WRN] requestId: 0HN33CTS95EMN:00000001, previousRequestId: no previous request id, message: DownstreamRouteFinderMiddleware setting pipeline errors. IDownstreamRouteFinder returned Error Code: UnableToFindDownstreamRouteError Message: Failed to match Route configuration for upstream path: /, verb: GET.
2024-04-23 12:32:15.520 +05:00 [WRN] requestId: 0HN33CTS95EMN:00000001, previousRequestId: no previous request id, message: Error Code: UnableToFindDownstreamRouteError Message: Failed to match Route configuration for upstream path: /, verb: GET. errors found in ResponderMiddleware. Setting error response for request path:/, request method: GET
2024-04-23 12:32:15.523 +05:00 [INF] Request finished HTTP/1.1 GET http://localhost:2000/ - 404 0 null 36.6061ms
2024-04-23 12:32:30.189 +05:00 [INF] Request starting HTTP/1.1 GET http://localhost:2000/ - null null
2024-04-23 12:32:30.194 +05:00 [WRN] requestId: 0HN33CTS95EMN:00000002, previousRequestId: no previous request id, message: DownstreamRouteFinderMiddleware setting pipeline errors. IDownstreamRouteFinder returned Error Code: UnableToFindDownstreamRouteError Message: Failed to match Route configuration for upstream path: /, verb: GET.
2024-04-23 12:32:30.194 +05:00 [WRN] requestId: 0HN33CTS95EMN:00000002, previousRequestId: no previous request id, message: Error Code: UnableToFindDownstreamRouteError Message: Failed to match Route configuration for upstream path: /, verb: GET. errors found in ResponderMiddleware. Setting error response for request path:/, request method: GET
2024-04-23 12:32:30.195 +05:00 [INF] Request finished HTTP/1.1 GET http://localhost:2000/ - 404 0 null 5.8041ms
2024-04-23 12:32:34.567 +05:00 [INF] Request starting HTTP/1.1 GET http://localhost:2000/sdfdf - null null
2024-04-23 12:32:34.572 +05:00 [WRN] requestId: 0HN33CTS95EMN:00000003, previousRequestId: no previous request id, message: DownstreamRouteFinderMiddleware setting pipeline errors. IDownstreamRouteFinder returned Error Code: UnableToFindDownstreamRouteError Message: Failed to match Route configuration for upstream path: /sdfdf, verb: GET.
2024-04-23 12:32:34.573 +05:00 [WRN] requestId: 0HN33CTS95EMN:00000003, previousRequestId: no previous request id, message: Error Code: UnableToFindDownstreamRouteError Message: Failed to match Route configuration for upstream path: /sdfdf, verb: GET. errors found in ResponderMiddleware. Setting error response for request path:/sdfdf, request method: GET
2024-04-23 12:32:34.573 +05:00 [INF] Request finished HTTP/1.1 GET http://localhost:2000/sdfdf - 404 0 null 5.7083ms
2024-04-23 12:33:06.678 +05:00 [INF] Request starting HTTP/1.1 GET http://localhost:2000/sdfdf - null null
2024-04-23 12:33:06.679 +05:00 [WRN] requestId: 0HN33CTS95EMN:00000004, previousRequestId: no previous request id, message: DownstreamRouteFinderMiddleware setting pipeline errors. IDownstreamRouteFinder returned Error Code: UnableToFindDownstreamRouteError Message: Failed to match Route configuration for upstream path: /sdfdf, verb: GET.
2024-04-23 12:33:06.679 +05:00 [WRN] requestId: 0HN33CTS95EMN:00000004, previousRequestId: no previous request id, message: Error Code: UnableToFindDownstreamRouteError Message: Failed to match Route configuration for upstream path: /sdfdf, verb: GET. errors found in ResponderMiddleware. Setting error response for request path:/sdfdf, request method: GET
2024-04-23 12:33:06.679 +05:00 [INF] Request finished HTTP/1.1 GET http://localhost:2000/sdfdf - 404 0 null 1.6756ms
